<?xml version="1.0" encoding="UTF-8"?>
<testsuite name="com.example.objectmapper.ObjectMapperApplicationTests" tests="1" skipped="0" failures="0" errors="0" timestamp="2021-04-02T10:22:55" hostname="DESKTOP-DI01IPA" time="0.451">
  <properties/>
  <testcase name="contextLoads()" classname="com.example.objectmapper.ObjectMapperApplicationTests" time="0.451"/>
  <system-out><![CDATA[19:22:53.567 [Test worker] DEBUG org.springframework.test.context.BootstrapUtils - Instantiating CacheAwareContextLoaderDelegate from class [org.springframework.test.context.cache.DefaultCacheAwareContextLoaderDelegate]
19:22:53.581 [Test worker] DEBUG org.springframework.test.context.BootstrapUtils - Instantiating BootstrapContext using constructor [public org.springframework.test.context.support.DefaultBootstrapContext(java.lang.Class,org.springframework.test.context.CacheAwareContextLoaderDelegate)]
19:22:53.616 [Test worker] DEBUG org.springframework.test.context.BootstrapUtils - Instantiating TestContextBootstrapper for test class [com.example.objectmapper.ObjectMapperApplicationTests] from class [org.springframework.boot.test.context.SpringBootTestContextBootstrapper]
19:22:53.627 [Test worker] INFO org.springframework.boot.test.context.SpringBootTestContextBootstrapper - Neither @ContextConfiguration nor @ContextHierarchy found for test class [com.example.objectmapper.ObjectMapperApplicationTests], using SpringBootContextLoader
19:22:53.632 [Test worker] DEBUG org.springframework.test.context.support.AbstractContextLoader - Did not detect default resource location for test class [com.example.objectmapper.ObjectMapperApplicationTests]: class path resource [com/example/objectmapper/ObjectMapperApplicationTests-context.xml] does not exist
19:22:53.633 [Test worker] DEBUG org.springframework.test.context.support.AbstractContextLoader - Did not detect default resource location for test class [com.example.objectmapper.ObjectMapperApplicationTests]: class path resource [com/example/objectmapper/ObjectMapperApplicationTestsContext.groovy] does not exist
19:22:53.633 [Test worker] INFO org.springframework.test.context.support.AbstractContextLoader - Could not detect default resource locations for test class [com.example.objectmapper.ObjectMapperApplicationTests]: no resource found for suffixes {-context.xml, Context.groovy}.
19:22:53.634 [Test worker] INFO org.springframework.test.context.support.AnnotationConfigContextLoaderUtils - Could not detect default configuration classes for test class [com.example.objectmapper.ObjectMapperApplicationTests]: ObjectMapperApplicationTests does not declare any static, non-private, non-final, nested classes annotated with @Configuration.
19:22:53.682 [Test worker] DEBUG org.springframework.test.context.support.ActiveProfilesUtils - Could not find an 'annotation declaring class' for annotation type [org.springframework.test.context.ActiveProfiles] and class [com.example.objectmapper.ObjectMapperApplicationTests]
19:22:53.770 [Test worker] DEBUG org.springframework.context.annotation.ClassPathScanningCandidateComponentProvider - Identified candidate component class: file [C:\Users\kang\IdeaProjects\object-mapper\build\classes\java\main\com\example\objectmapper\ObjectMapperApplication.class]
19:22:53.774 [Test worker] INFO org.springframework.boot.test.context.SpringBootTestContextBootstrapper - Found @SpringBootConfiguration com.example.objectmapper.ObjectMapperApplication for test class com.example.objectmapper.ObjectMapperApplicationTests
19:22:53.931 [Test worker] DEBUG org.springframework.boot.test.context.SpringBootTestContextBootstrapper - @TestExecutionListeners is not present for class [com.example.objectmapper.ObjectMapperApplicationTests]: using defaults.
19:22:53.932 [Test worker] INFO org.springframework.boot.test.context.SpringBootTestContextBootstrapper - Loaded default TestExecutionListener class names from location [META-INF/spring.factories]: [org.springframework.boot.test.autoconfigure.restdocs.RestDocsTestExecutionListener, org.springframework.boot.test.autoconfigure.web.client.MockRestServiceServerResetTestExecutionListener, org.springframework.boot.test.autoconfigure.web.servlet.MockMvcPrintOnlyOnFailureTestExecutionListener, org.springframework.boot.test.autoconfigure.web.servlet.WebDriverTestExecutionListener, org.springframework.boot.test.autoconfigure.webservices.client.MockWebServiceServerTestExecutionListener, org.springframework.boot.test.mock.mockito.MockitoTestExecutionListener, org.springframework.boot.test.mock.mockito.ResetMocksTestExecutionListener, org.springframework.test.context.web.ServletTestExecutionListener, org.springframework.test.context.support.DirtiesContextBeforeModesTestExecutionListener, org.springframework.test.context.event.ApplicationEventsTestExecutionListener, org.springframework.test.context.support.DependencyInjectionTestExecutionListener, org.springframework.test.context.support.DirtiesContextTestExecutionListener, org.springframework.test.context.transaction.TransactionalTestExecutionListener, org.springframework.test.context.jdbc.SqlScriptsTestExecutionListener, org.springframework.test.context.event.EventPublishingTestExecutionListener]
19:22:53.950 [Test worker] DEBUG org.springframework.boot.test.context.SpringBootTestContextBootstrapper - Skipping candidate TestExecutionListener [org.springframework.test.context.transaction.TransactionalTestExecutionListener] due to a missing dependency. Specify custom listener classes or make the default listener classes and their required dependencies available. Offending class: [org/springframework/transaction/interceptor/TransactionAttributeSource]
19:22:53.951 [Test worker] DEBUG org.springframework.boot.test.context.SpringBootTestContextBootstrapper - Skipping candidate TestExecutionListener [org.springframework.test.context.jdbc.SqlScriptsTestExecutionListener] due to a missing dependency. Specify custom listener classes or make the default listener classes and their required dependencies available. Offending class: [org/springframework/transaction/interceptor/TransactionAttribute]
19:22:53.951 [Test worker] INFO org.springframework.boot.test.context.SpringBootTestContextBootstrapper - Using TestExecutionListeners: [org.springframework.test.context.web.ServletTestExecutionListener@72f24cac, org.springframework.test.context.support.DirtiesContextBeforeModesTestExecutionListener@2571f13f, org.springframework.test.context.event.ApplicationEventsTestExecutionListener@20465081, org.springframework.boot.test.mock.mockito.MockitoTestExecutionListener@36ac8e56, org.springframework.boot.test.autoconfigure.SpringBootDependencyInjectionTestExecutionListener@565b3303, org.springframework.test.context.support.DirtiesContextTestExecutionListener@7c89c8fe, org.springframework.test.context.event.EventPublishingTestExecutionListener@6e595db6, org.springframework.boot.test.autoconfigure.restdocs.RestDocsTestExecutionListener@3cd5b015, org.springframework.boot.test.autoconfigure.web.client.MockRestServiceServerResetTestExecutionListener@33995fa7, org.springframework.boot.test.autoconfigure.web.servlet.MockMvcPrintOnlyOnFailureTestExecutionListener@165bf12, org.springframework.boot.test.autoconfigure.web.servlet.WebDriverTestExecutionListener@2575f665, org.springframework.boot.test.autoconfigure.webservices.client.MockWebServiceServerTestExecutionListener@34b1bfc6, org.springframework.boot.test.mock.mockito.ResetMocksTestExecutionListener@4dacaa90]
19:22:53.957 [Test worker] DEBUG org.springframework.test.context.support.AbstractDirtiesContextTestExecutionListener - Before test class: context [DefaultTestContext@27b7343d testClass = ObjectMapperApplicationTests, testInstance = [null], testMethod = [null], testException = [null], mergedContextConfiguration = [WebMergedContextConfiguration@71cda365 testClass = ObjectMapperApplicationTests, locations = '{}', classes = '{class com.example.objectmapper.ObjectMapperApplication}', contextInitializerClasses = '[]', activeProfiles = '{}', propertySourceLocations = '{}', propertySourceProperties = '{org.springframework.boot.test.context.SpringBootTestContextBootstrapper=true}', contextCustomizers = set[org.springframework.boot.test.autoconfigure.actuate.metrics.MetricsExportContextCustomizerFactory$DisableMetricExportContextCustomizer@69275eb3, org.springframework.boot.test.autoconfigure.properties.PropertyMappingContextCustomizer@0, org.springframework.boot.test.autoconfigure.web.servlet.WebDriverContextCustomizerFactory$Customizer@1209b701, org.springframework.boot.test.context.filter.ExcludeFilterContextCustomizer@48eca08f, org.springframework.boot.test.json.DuplicateJsonObjectContextCustomizerFactory$DuplicateJsonObjectContextCustomizer@4f7e0400, org.springframework.boot.test.mock.mockito.MockitoContextCustomizer@0, org.springframework.boot.test.web.client.TestRestTemplateContextCustomizer@1791461a, org.springframework.boot.test.context.SpringBootTestArgs@1, org.springframework.boot.test.context.SpringBootTestWebEnvironment@5bf8179b], resourceBasePath = 'src/main/webapp', contextLoader = 'org.springframework.boot.test.context.SpringBootContextLoader', parent = [null]], attributes = map['org.springframework.test.context.web.ServletTestExecutionListener.activateListener' -> true]], class annotated with @DirtiesContext [false] with mode [null].
19:22:54.015 [Test worker] DEBUG org.springframework.test.context.support.TestPropertySourceUtils - Adding inlined properties to environment: {spring.jmx.enabled=false, org.springframework.boot.test.context.SpringBootTestContextBootstrapper=true}

  .   ____          _            __ _ _
 /\\ / ___'_ __ _ _(_)_ __  __ _ \ \ \ \
( ( )\___ | '_ | '_| | '_ \/ _` | \ \ \ \
 \\/  ___)| |_)| | | | | || (_| |  ) ) ) )
  '  |____| .__|_| |_|_| |_\__, | / / / /
 =========|_|==============|___/=/_/_/_/
 :: Spring Boot ::                (v2.4.4)

2021-04-02 19:22:54.366  INFO 25460 --- [    Test worker] c.e.o.ObjectMapperApplicationTests       : Starting ObjectMapperApplicationTests using Java 11.0.10 on DESKTOP-DI01IPA with PID 25460 (started by kang in C:\Users\kang\IdeaProjects\object-mapper)
2021-04-02 19:22:54.368  INFO 25460 --- [    Test worker] c.e.o.ObjectMapperApplicationTests       : No active profile set, falling back to default profiles: default
2021-04-02 19:22:55.550  INFO 25460 --- [    Test worker] o.s.s.concurrent.ThreadPoolTaskExecutor  : Initializing ExecutorService 'applicationTaskExecutor'
2021-04-02 19:22:55.875  INFO 25460 --- [    Test worker] c.e.o.ObjectMapperApplicationTests       : Started ObjectMapperApplicationTests in 1.849 seconds (JVM running for 3.778)
-----------
{"name":"steve","age":10,"phone_number":"010-1111-1111"}
User{name='steve', age=10, phoneNumber='010-1111-1111'}
]]></system-out>
  <system-err><![CDATA[]]></system-err>
</testsuite>
